<?xml version="1.0" encoding="UTF-8"?><testrun name="com.stackroute.collections" project="exercise-td-collections-arraylist-player" tests="17" started="17" failures="0" errors="2" ignored="0">
  <testsuite name="com.stackroute.collections.test.PlayerListServiceTests" time="0.085" displayname="PlayerListServiceTests" uniqueid="[engine:junit-jupiter]/[class:com.stackroute.collections.test.PlayerListServiceTests]">
    <testcase name="givenPlayerServiceWhenScoresAreSameThenReturnPlayerIdSortedPlayerList" classname="com.stackroute.collections.test.PlayerListServiceTests" time="0.001" displayname="givenPlayerServiceWhenScoresAreSameThenReturnPlayerIdSortedPlayerList()" uniqueid="[engine:junit-jupiter]/[class:com.stackroute.collections.test.PlayerListServiceTests]/[method:givenPlayerServiceWhenScoresAreSameThenReturnPlayerIdSortedPlayerList()]"/>
    <testcase name="givenPlayerServiceWhenEmptyListExistsThenReturnEmptyPlayerList" classname="com.stackroute.collections.test.PlayerListServiceTests" time="0.0" displayname="givenPlayerServiceWhenEmptyListExistsThenReturnEmptyPlayerList()" uniqueid="[engine:junit-jupiter]/[class:com.stackroute.collections.test.PlayerListServiceTests]/[method:givenPlayerServiceWhenEmptyListExistsThenReturnEmptyPlayerList()]"/>
    <testcase name="givenPlayerServiceWhenFilteredBySameMatchPlayedThenReturnNameSortedPlayerList" classname="com.stackroute.collections.test.PlayerListServiceTests" time="0.002" displayname="givenPlayerServiceWhenFilteredBySameMatchPlayedThenReturnNameSortedPlayerList()" uniqueid="[engine:junit-jupiter]/[class:com.stackroute.collections.test.PlayerListServiceTests]/[method:givenPlayerServiceWhenFilteredBySameMatchPlayedThenReturnNameSortedPlayerList()]">
      <error>java.lang.Error: Unresolved compilation problem: 
	The method getPlayerListPlayedInSameMatchSortedByNameInAscendingOrder(String) is undefined for the type PlayerListService

	at com.stackroute.collections.test.PlayerListServiceTests.givenPlayerServiceWhenFilteredBySameMatchPlayedThenReturnNameSortedPlayerList(PlayerListServiceTests.java:112)
	at java.base/jdk.internal.reflect.NativeMethodAccessorImpl.invoke0(Native Method)
	at java.base/jdk.internal.reflect.NativeMethodAccessorImpl.invoke(NativeMethodAccessorImpl.java:77)
	at java.base/jdk.internal.reflect.DelegatingMethodAccessorImpl.invoke(DelegatingMethodAccessorImpl.java:43)
	at java.base/java.lang.reflect.Method.invoke(Method.java:568)
	at org.junit.platform.commons.util.ReflectionUtils.invokeMethod(ReflectionUtils.java:675)
	at org.junit.jupiter.engine.execution.MethodInvocation.proceed(MethodInvocation.java:60)
	at org.junit.jupiter.engine.execution.InvocationInterceptorChain$ValidatingInvocation.proceed(InvocationInterceptorChain.java:125)
	at org.junit.jupiter.engine.extension.TimeoutExtension.intercept(TimeoutExtension.java:132)
	at org.junit.jupiter.engine.extension.TimeoutExtension.interceptTestableMethod(TimeoutExtension.java:124)
	at org.junit.jupiter.engine.extension.TimeoutExtension.interceptTestMethod(TimeoutExtension.java:74)
	at org.junit.jupiter.engine.execution.ExecutableInvoker$ReflectiveInterceptorCall.lambda$ofVoidMethod$0(ExecutableInvoker.java:115)
	at org.junit.jupiter.engine.execution.ExecutableInvoker.lambda$invoke$0(ExecutableInvoker.java:105)
	at org.junit.jupiter.engine.execution.InvocationInterceptorChain$InterceptedInvocation.proceed(InvocationInterceptorChain.java:104)
	at org.junit.jupiter.engine.execution.InvocationInterceptorChain.proceed(InvocationInterceptorChain.java:62)
	at org.junit.jupiter.engine.execution.InvocationInterceptorChain.chainAndInvoke(InvocationInterceptorChain.java:43)
	at org.junit.jupiter.engine.execution.InvocationInterceptorChain.invoke(InvocationInterceptorChain.java:35)
	at org.junit.jupiter.engine.execution.ExecutableInvoker.invoke(ExecutableInvoker.java:104)
	at org.junit.jupiter.engine.execution.ExecutableInvoker.invoke(ExecutableInvoker.java:98)
	at org.junit.jupiter.engine.descriptor.TestMethodTestDescriptor.lambda$invokeTestMethod$6(TestMethodTestDescriptor.java:202)
	at org.junit.platform.engine.support.hierarchical.ThrowableCollector.execute(ThrowableCollector.java:73)
	at org.junit.jupiter.engine.descriptor.TestMethodTestDescriptor.invokeTestMethod(TestMethodTestDescriptor.java:198)
	at org.junit.jupiter.engine.descriptor.TestMethodTestDescriptor.execute(TestMethodTestDescriptor.java:135)
	at org.junit.jupiter.engine.descriptor.TestMethodTestDescriptor.execute(TestMethodTestDescriptor.java:69)
	at org.junit.platform.engine.support.hierarchical.NodeTestTask.lambda$executeRecursively$5(NodeTestTask.java:135)
	at org.junit.platform.engine.support.hierarchical.ThrowableCollector.execute(ThrowableCollector.java:73)
	at org.junit.platform.engine.support.hierarchical.NodeTestTask.lambda$executeRecursively$7(NodeTestTask.java:125)
	at org.junit.platform.engine.support.hierarchical.Node.around(Node.java:135)
	at org.junit.platform.engine.support.hierarchical.NodeTestTask.lambda$executeRecursively$8(NodeTestTask.java:123)
	at org.junit.platform.engine.support.hierarchical.ThrowableCollector.execute(ThrowableCollector.java:73)
	at org.junit.platform.engine.support.hierarchical.NodeTestTask.executeRecursively(NodeTestTask.java:122)
	at org.junit.platform.engine.support.hierarchical.NodeTestTask.execute(NodeTestTask.java:80)
	at java.base/java.util.ArrayList.forEach(ArrayList.java:1511)
	at org.junit.platform.engine.support.hierarchical.SameThreadHierarchicalTestExecutorService.invokeAll(SameThreadHierarchicalTestExecutorService.java:38)
	at org.junit.platform.engine.support.hierarchical.NodeTestTask.lambda$executeRecursively$5(NodeTestTask.java:139)
	at org.junit.platform.engine.support.hierarchical.ThrowableCollector.execute(ThrowableCollector.java:73)
	at org.junit.platform.engine.support.hierarchical.NodeTestTask.lambda$executeRecursively$7(NodeTestTask.java:125)
	at org.junit.platform.engine.support.hierarchical.Node.around(Node.java:135)
	at org.junit.platform.engine.support.hierarchical.NodeTestTask.lambda$executeRecursively$8(NodeTestTask.java:123)
	at org.junit.platform.engine.support.hierarchical.ThrowableCollector.execute(ThrowableCollector.java:73)
	at org.junit.platform.engine.support.hierarchical.NodeTestTask.executeRecursively(NodeTestTask.java:122)
	at org.junit.platform.engine.support.hierarchical.NodeTestTask.execute(NodeTestTask.java:80)
	at java.base/java.util.ArrayList.forEach(ArrayList.java:1511)
	at org.junit.platform.engine.support.hierarchical.SameThreadHierarchicalTestExecutorService.invokeAll(SameThreadHierarchicalTestExecutorService.java:38)
	at org.junit.platform.engine.support.hierarchical.NodeTestTask.lambda$executeRecursively$5(NodeTestTask.java:139)
	at org.junit.platform.engine.support.hierarchical.ThrowableCollector.execute(ThrowableCollector.java:73)
	at org.junit.platform.engine.support.hierarchical.NodeTestTask.lambda$executeRecursively$7(NodeTestTask.java:125)
	at org.junit.platform.engine.support.hierarchical.Node.around(Node.java:135)
	at org.junit.platform.engine.support.hierarchical.NodeTestTask.lambda$executeRecursively$8(NodeTestTask.java:123)
	at org.junit.platform.engine.support.hierarchical.ThrowableCollector.execute(ThrowableCollector.java:73)
	at org.junit.platform.engine.support.hierarchical.NodeTestTask.executeRecursively(NodeTestTask.java:122)
	at org.junit.platform.engine.support.hierarchical.NodeTestTask.execute(NodeTestTask.java:80)
	at org.junit.platform.engine.support.hierarchical.SameThreadHierarchicalTestExecutorService.submit(SameThreadHierarchicalTestExecutorService.java:32)
	at org.junit.platform.engine.support.hierarchical.HierarchicalTestExecutor.execute(HierarchicalTestExecutor.java:57)
	at org.junit.platform.engine.support.hierarchical.HierarchicalTestEngine.execute(HierarchicalTestEngine.java:51)
	at org.junit.platform.launcher.core.DefaultLauncher.execute(DefaultLauncher.java:229)
	at org.junit.platform.launcher.core.DefaultLauncher.lambda$execute$6(DefaultLauncher.java:197)
	at org.junit.platform.launcher.core.DefaultLauncher.withInterceptedStreams(DefaultLauncher.java:211)
	at org.junit.platform.launcher.core.DefaultLauncher.execute(DefaultLauncher.java:191)
	at org.junit.platform.launcher.core.DefaultLauncher.execute(DefaultLauncher.java:137)
	at org.eclipse.jdt.internal.junit5.runner.JUnit5TestReference.run(JUnit5TestReference.java:98)
	at org.eclipse.jdt.internal.junit.runner.TestExecution.run(TestExecution.java:40)
	at org.eclipse.jdt.internal.junit.runner.RemoteTestRunner.runTests(RemoteTestRunner.java:529)
	at org.eclipse.jdt.internal.junit.runner.RemoteTestRunner.runTests(RemoteTestRunner.java:756)
	at org.eclipse.jdt.internal.junit.runner.RemoteTestRunner.run(RemoteTestRunner.java:452)
	at org.eclipse.jdt.internal.junit.runner.RemoteTestRunner.main(RemoteTestRunner.java:210)

</error>
    </testcase>
    <testcase name="givenPlayerServiceWhenFilteredScoreGreaterThanFiftyMatchedThenReturnScoreSortedPlayerList" classname="com.stackroute.collections.test.PlayerListServiceTests" time="0.042" displayname="givenPlayerServiceWhenFilteredScoreGreaterThanFiftyMatchedThenReturnScoreSortedPlayerList()" uniqueid="[engine:junit-jupiter]/[class:com.stackroute.collections.test.PlayerListServiceTests]/[method:givenPlayerServiceWhenFilteredScoreGreaterThanFiftyMatchedThenReturnScoreSortedPlayerList()]"/>
    <testcase name="givenPlayerServiceWhenSortedByNameThenReturnNameSortedPlayerList" classname="com.stackroute.collections.test.PlayerListServiceTests" time="0.0" displayname="givenPlayerServiceWhenSortedByNameThenReturnNameSortedPlayerList()" uniqueid="[engine:junit-jupiter]/[class:com.stackroute.collections.test.PlayerListServiceTests]/[method:givenPlayerServiceWhenSortedByNameThenReturnNameSortedPlayerList()]"/>
    <testcase name="givenPlayerValuesWhenAddedThenReturnPlayerList" classname="com.stackroute.collections.test.PlayerListServiceTests" time="0.0" displayname="givenPlayerValuesWhenAddedThenReturnPlayerList()" uniqueid="[engine:junit-jupiter]/[class:com.stackroute.collections.test.PlayerListServiceTests]/[method:givenPlayerValuesWhenAddedThenReturnPlayerList()]"/>
    <testcase name="givenPlayerListServiceObjectThenPlayerListInitializedAsArrayList" classname="com.stackroute.collections.test.PlayerListServiceTests" time="0.021" displayname="givenPlayerListServiceObjectThenPlayerListInitializedAsArrayList()" uniqueid="[engine:junit-jupiter]/[class:com.stackroute.collections.test.PlayerListServiceTests]/[method:givenPlayerListServiceObjectThenPlayerListInitializedAsArrayList()]"/>
    <testcase name="givenPlayerServiceWhenNotMatchedBySameMatchThenReturnEmptyList" classname="com.stackroute.collections.test.PlayerListServiceTests" time="0.005" displayname="givenPlayerServiceWhenNotMatchedBySameMatchThenReturnEmptyList()" uniqueid="[engine:junit-jupiter]/[class:com.stackroute.collections.test.PlayerListServiceTests]/[method:givenPlayerServiceWhenNotMatchedBySameMatchThenReturnEmptyList()]">
      <error>java.lang.Error: Unresolved compilation problem: 
	The method getPlayerListPlayedInSameMatchSortedByNameInAscendingOrder(String) is undefined for the type PlayerListService

	at com.stackroute.collections.test.PlayerListServiceTests.givenPlayerServiceWhenNotMatchedBySameMatchThenReturnEmptyList(PlayerListServiceTests.java:121)
	at java.base/jdk.internal.reflect.NativeMethodAccessorImpl.invoke0(Native Method)
	at java.base/jdk.internal.reflect.NativeMethodAccessorImpl.invoke(NativeMethodAccessorImpl.java:77)
	at java.base/jdk.internal.reflect.DelegatingMethodAccessorImpl.invoke(DelegatingMethodAccessorImpl.java:43)
	at java.base/java.lang.reflect.Method.invoke(Method.java:568)
	at org.junit.platform.commons.util.ReflectionUtils.invokeMethod(ReflectionUtils.java:675)
	at org.junit.jupiter.engine.execution.MethodInvocation.proceed(MethodInvocation.java:60)
	at org.junit.jupiter.engine.execution.InvocationInterceptorChain$ValidatingInvocation.proceed(InvocationInterceptorChain.java:125)
	at org.junit.jupiter.engine.extension.TimeoutExtension.intercept(TimeoutExtension.java:132)
	at org.junit.jupiter.engine.extension.TimeoutExtension.interceptTestableMethod(TimeoutExtension.java:124)
	at org.junit.jupiter.engine.extension.TimeoutExtension.interceptTestMethod(TimeoutExtension.java:74)
	at org.junit.jupiter.engine.execution.ExecutableInvoker$ReflectiveInterceptorCall.lambda$ofVoidMethod$0(ExecutableInvoker.java:115)
	at org.junit.jupiter.engine.execution.ExecutableInvoker.lambda$invoke$0(ExecutableInvoker.java:105)
	at org.junit.jupiter.engine.execution.InvocationInterceptorChain$InterceptedInvocation.proceed(InvocationInterceptorChain.java:104)
	at org.junit.jupiter.engine.execution.InvocationInterceptorChain.proceed(InvocationInterceptorChain.java:62)
	at org.junit.jupiter.engine.execution.InvocationInterceptorChain.chainAndInvoke(InvocationInterceptorChain.java:43)
	at org.junit.jupiter.engine.execution.InvocationInterceptorChain.invoke(InvocationInterceptorChain.java:35)
	at org.junit.jupiter.engine.execution.ExecutableInvoker.invoke(ExecutableInvoker.java:104)
	at org.junit.jupiter.engine.execution.ExecutableInvoker.invoke(ExecutableInvoker.java:98)
	at org.junit.jupiter.engine.descriptor.TestMethodTestDescriptor.lambda$invokeTestMethod$6(TestMethodTestDescriptor.java:202)
	at org.junit.platform.engine.support.hierarchical.ThrowableCollector.execute(ThrowableCollector.java:73)
	at org.junit.jupiter.engine.descriptor.TestMethodTestDescriptor.invokeTestMethod(TestMethodTestDescriptor.java:198)
	at org.junit.jupiter.engine.descriptor.TestMethodTestDescriptor.execute(TestMethodTestDescriptor.java:135)
	at org.junit.jupiter.engine.descriptor.TestMethodTestDescriptor.execute(TestMethodTestDescriptor.java:69)
	at org.junit.platform.engine.support.hierarchical.NodeTestTask.lambda$executeRecursively$5(NodeTestTask.java:135)
	at org.junit.platform.engine.support.hierarchical.ThrowableCollector.execute(ThrowableCollector.java:73)
	at org.junit.platform.engine.support.hierarchical.NodeTestTask.lambda$executeRecursively$7(NodeTestTask.java:125)
	at org.junit.platform.engine.support.hierarchical.Node.around(Node.java:135)
	at org.junit.platform.engine.support.hierarchical.NodeTestTask.lambda$executeRecursively$8(NodeTestTask.java:123)
	at org.junit.platform.engine.support.hierarchical.ThrowableCollector.execute(ThrowableCollector.java:73)
	at org.junit.platform.engine.support.hierarchical.NodeTestTask.executeRecursively(NodeTestTask.java:122)
	at org.junit.platform.engine.support.hierarchical.NodeTestTask.execute(NodeTestTask.java:80)
	at java.base/java.util.ArrayList.forEach(ArrayList.java:1511)
	at org.junit.platform.engine.support.hierarchical.SameThreadHierarchicalTestExecutorService.invokeAll(SameThreadHierarchicalTestExecutorService.java:38)
	at org.junit.platform.engine.support.hierarchical.NodeTestTask.lambda$executeRecursively$5(NodeTestTask.java:139)
	at org.junit.platform.engine.support.hierarchical.ThrowableCollector.execute(ThrowableCollector.java:73)
	at org.junit.platform.engine.support.hierarchical.NodeTestTask.lambda$executeRecursively$7(NodeTestTask.java:125)
	at org.junit.platform.engine.support.hierarchical.Node.around(Node.java:135)
	at org.junit.platform.engine.support.hierarchical.NodeTestTask.lambda$executeRecursively$8(NodeTestTask.java:123)
	at org.junit.platform.engine.support.hierarchical.ThrowableCollector.execute(ThrowableCollector.java:73)
	at org.junit.platform.engine.support.hierarchical.NodeTestTask.executeRecursively(NodeTestTask.java:122)
	at org.junit.platform.engine.support.hierarchical.NodeTestTask.execute(NodeTestTask.java:80)
	at java.base/java.util.ArrayList.forEach(ArrayList.java:1511)
	at org.junit.platform.engine.support.hierarchical.SameThreadHierarchicalTestExecutorService.invokeAll(SameThreadHierarchicalTestExecutorService.java:38)
	at org.junit.platform.engine.support.hierarchical.NodeTestTask.lambda$executeRecursively$5(NodeTestTask.java:139)
	at org.junit.platform.engine.support.hierarchical.ThrowableCollector.execute(ThrowableCollector.java:73)
	at org.junit.platform.engine.support.hierarchical.NodeTestTask.lambda$executeRecursively$7(NodeTestTask.java:125)
	at org.junit.platform.engine.support.hierarchical.Node.around(Node.java:135)
	at org.junit.platform.engine.support.hierarchical.NodeTestTask.lambda$executeRecursively$8(NodeTestTask.java:123)
	at org.junit.platform.engine.support.hierarchical.ThrowableCollector.execute(ThrowableCollector.java:73)
	at org.junit.platform.engine.support.hierarchical.NodeTestTask.executeRecursively(NodeTestTask.java:122)
	at org.junit.platform.engine.support.hierarchical.NodeTestTask.execute(NodeTestTask.java:80)
	at org.junit.platform.engine.support.hierarchical.SameThreadHierarchicalTestExecutorService.submit(SameThreadHierarchicalTestExecutorService.java:32)
	at org.junit.platform.engine.support.hierarchical.HierarchicalTestExecutor.execute(HierarchicalTestExecutor.java:57)
	at org.junit.platform.engine.support.hierarchical.HierarchicalTestEngine.execute(HierarchicalTestEngine.java:51)
	at org.junit.platform.launcher.core.DefaultLauncher.execute(DefaultLauncher.java:229)
	at org.junit.platform.launcher.core.DefaultLauncher.lambda$execute$6(DefaultLauncher.java:197)
	at org.junit.platform.launcher.core.DefaultLauncher.withInterceptedStreams(DefaultLauncher.java:211)
	at org.junit.platform.launcher.core.DefaultLauncher.execute(DefaultLauncher.java:191)
	at org.junit.platform.launcher.core.DefaultLauncher.execute(DefaultLauncher.java:137)
	at org.eclipse.jdt.internal.junit5.runner.JUnit5TestReference.run(JUnit5TestReference.java:98)
	at org.eclipse.jdt.internal.junit.runner.TestExecution.run(TestExecution.java:40)
	at org.eclipse.jdt.internal.junit.runner.RemoteTestRunner.runTests(RemoteTestRunner.java:529)
	at org.eclipse.jdt.internal.junit.runner.RemoteTestRunner.runTests(RemoteTestRunner.java:756)
	at org.eclipse.jdt.internal.junit.runner.RemoteTestRunner.run(RemoteTestRunner.java:452)
	at org.eclipse.jdt.internal.junit.runner.RemoteTestRunner.main(RemoteTestRunner.java:210)

</error>
    </testcase>
    <testcase name="givenPlayerServiceWhenSortedByScoreThenReturnScoreSortedPlayerList" classname="com.stackroute.collections.test.PlayerListServiceTests" time="0.002" displayname="givenPlayerServiceWhenSortedByScoreThenReturnScoreSortedPlayerList()" uniqueid="[engine:junit-jupiter]/[class:com.stackroute.collections.test.PlayerListServiceTests]/[method:givenPlayerServiceWhenSortedByScoreThenReturnScoreSortedPlayerList()]"/>
    <testcase name="givenPlayerServiceWhenScoreGreaterThanFiftyNotMatchedThenReturnEmptyList" classname="com.stackroute.collections.test.PlayerListServiceTests" time="0.001" displayname="givenPlayerServiceWhenScoreGreaterThanFiftyNotMatchedThenReturnEmptyList()" uniqueid="[engine:junit-jupiter]/[class:com.stackroute.collections.test.PlayerListServiceTests]/[method:givenPlayerServiceWhenScoreGreaterThanFiftyNotMatchedThenReturnEmptyList()]"/>
  </testsuite>
  <testsuite name="com.stackroute.collections.PlayerScoreComparatorTests" time="0.016" displayname="PlayerScoreComparatorTests" uniqueid="[engine:junit-jupiter]/[class:com.stackroute.collections.PlayerScoreComparatorTests]">
    <testcase name="givenPlayerListWhenScoresAreSameReturnPlayerListSortedByIdInAscendingOrder" classname="com.stackroute.collections.PlayerScoreComparatorTests" time="0.002" displayname="givenPlayerListWhenScoresAreSameReturnPlayerListSortedByIdInAscendingOrder()" uniqueid="[engine:junit-jupiter]/[class:com.stackroute.collections.PlayerScoreComparatorTests]/[method:givenPlayerListWhenScoresAreSameReturnPlayerListSortedByIdInAscendingOrder()]"/>
    <testcase name="givenPlayerListWhenComparedReturnPlayerListSortedByScoreInDescendingOrder" classname="com.stackroute.collections.PlayerScoreComparatorTests" time="0.002" displayname="givenPlayerListWhenComparedReturnPlayerListSortedByScoreInDescendingOrder()" uniqueid="[engine:junit-jupiter]/[class:com.stackroute.collections.PlayerScoreComparatorTests]/[method:givenPlayerListWhenComparedReturnPlayerListSortedByScoreInDescendingOrder()]"/>
    <testcase name="givenPlayerNameComparatorClassThenShouldBeOfComparatorType" classname="com.stackroute.collections.PlayerScoreComparatorTests" time="0.01" displayname="givenPlayerNameComparatorClassThenShouldBeOfComparatorType()" uniqueid="[engine:junit-jupiter]/[class:com.stackroute.collections.PlayerScoreComparatorTests]/[method:givenPlayerNameComparatorClassThenShouldBeOfComparatorType()]"/>
  </testsuite>
  <testsuite name="com.stackroute.collections.PlayerTests" time="0.033" displayname="PlayerTests" uniqueid="[engine:junit-jupiter]/[class:com.stackroute.collections.PlayerTests]">
    <testcase name="givenValidPlayerValuesThenReturnPlayerDetails" classname="com.stackroute.collections.PlayerTests" time="0.028" displayname="givenValidPlayerValuesThenReturnPlayerDetails()" uniqueid="[engine:junit-jupiter]/[class:com.stackroute.collections.PlayerTests]/[method:givenValidPlayerValuesThenReturnPlayerDetails()]"/>
    <testcase name="givenValidPlayerValuesWhenCreatedThenSetProperties" classname="com.stackroute.collections.PlayerTests" time="0.003" displayname="givenValidPlayerValuesWhenCreatedThenSetProperties()" uniqueid="[engine:junit-jupiter]/[class:com.stackroute.collections.PlayerTests]/[method:givenValidPlayerValuesWhenCreatedThenSetProperties()]"/>
  </testsuite>
  <testsuite name="com.stackroute.collections.PlayerNameComparatorTests" time="0.004" displayname="PlayerNameComparatorTests" uniqueid="[engine:junit-jupiter]/[class:com.stackroute.collections.PlayerNameComparatorTests]">
    <testcase name="givenPlayerListWhenComparedReturnPlayerListSortedByNameInAscendingOrder" classname="com.stackroute.collections.PlayerNameComparatorTests" time="0.001" displayname="givenPlayerListWhenComparedReturnPlayerListSortedByNameInAscendingOrder()" uniqueid="[engine:junit-jupiter]/[class:com.stackroute.collections.PlayerNameComparatorTests]/[method:givenPlayerListWhenComparedReturnPlayerListSortedByNameInAscendingOrder()]"/>
    <testcase name="givenPlayerNameComparatorClassThenShouldBeOfComparatorType" classname="com.stackroute.collections.PlayerNameComparatorTests" time="0.002" displayname="givenPlayerNameComparatorClassThenShouldBeOfComparatorType()" uniqueid="[engine:junit-jupiter]/[class:com.stackroute.collections.PlayerNameComparatorTests]/[method:givenPlayerNameComparatorClassThenShouldBeOfComparatorType()]"/>
  </testsuite>
</testrun>
