<?xml version="1.0" encoding="UTF-8"?><testrun name="java (1)" project="spring_data_jpa_mysql_boilerplate" tests="16" started="16" failures="2" errors="0" ignored="0">
  <testsuite name="com.stackroute.springdatajpamysql.SpringDataJpaMysqlApplicationTests" time="0.92" displayname="SpringDataJpaMysqlApplicationTests" uniqueid="[engine:junit-jupiter]/[class:com.stackroute.springdatajpamysql.SpringDataJpaMysqlApplicationTests]">
    <testcase name="contextLoads" classname="com.stackroute.springdatajpamysql.SpringDataJpaMysqlApplicationTests" time="0.92" displayname="contextLoads()" uniqueid="[engine:junit-jupiter]/[class:com.stackroute.springdatajpamysql.SpringDataJpaMysqlApplicationTests]/[method:contextLoads()]"/>
  </testsuite>
  <testsuite name="com.stackroute.springdatajpamysql.test.ProductServiceImplTest" time="0.612" displayname="ProductServiceImplTest" uniqueid="[engine:junit-jupiter]/[class:com.stackroute.springdatajpamysql.test.ProductServiceImplTest]">
    <testcase name="testSaveProduct" classname="com.stackroute.springdatajpamysql.test.ProductServiceImplTest" time="0.537" displayname="testSaveProduct()" uniqueid="[engine:junit-jupiter]/[class:com.stackroute.springdatajpamysql.test.ProductServiceImplTest]/[method:testSaveProduct()]"/>
    <testcase name="testUpdateProduct" classname="com.stackroute.springdatajpamysql.test.ProductServiceImplTest" time="0.042" displayname="testUpdateProduct()" uniqueid="[engine:junit-jupiter]/[class:com.stackroute.springdatajpamysql.test.ProductServiceImplTest]/[method:testUpdateProduct()]">
      <failure>
        <expected>productRepository.save(
    com.stackroute.springdatajpamysql.entity.Product@321302bc
);</expected>
        <actual>productRepository.findById(
    1L
);
productRepository.save(
    com.stackroute.springdatajpamysql.entity.Product@89dd102
);
</actual>
        Argument(s) are different! Wanted:
productRepository.save(
    com.stackroute.springdatajpamysql.entity.Product@321302bc
);
-&gt; at com.stackroute.springdatajpamysql.test.ProductServiceImplTest.testUpdateProduct(ProductServiceImplTest.java:84)
Actual invocations have different arguments:
productRepository.findById(
    1L
);
-&gt; at com.stackroute.springdatajpamysql.service.ProductServiceImpl.updateProduct(ProductServiceImpl.java:37)
productRepository.save(
    com.stackroute.springdatajpamysql.entity.Product@89dd102
);
-&gt; at com.stackroute.springdatajpamysql.service.ProductServiceImpl.updateProduct(ProductServiceImpl.java:39)

	at com.stackroute.springdatajpamysql.test.ProductServiceImplTest.testUpdateProduct(ProductServiceImplTest.java:84)
	at java.base/jdk.internal.reflect.NativeMethodAccessorImpl.invoke0(Native Method)
	at java.base/jdk.internal.reflect.NativeMethodAccessorImpl.invoke(NativeMethodAccessorImpl.java:77)
	at java.base/jdk.internal.reflect.DelegatingMethodAccessorImpl.invoke(DelegatingMethodAccessorImpl.java:43)
	at java.base/java.lang.reflect.Method.invoke(Method.java:568)
	at org.junit.platform.commons.util.ReflectionUtils.invokeMethod(ReflectionUtils.java:727)
	at org.junit.jupiter.engine.execution.MethodInvocation.proceed(MethodInvocation.java:60)
	at org.junit.jupiter.engine.execution.InvocationInterceptorChain$ValidatingInvocation.proceed(InvocationInterceptorChain.java:131)
	at org.junit.jupiter.engine.extension.TimeoutExtension.intercept(TimeoutExtension.java:156)
	at org.junit.jupiter.engine.extension.TimeoutExtension.interceptTestableMethod(TimeoutExtension.java:147)
	at org.junit.jupiter.engine.extension.TimeoutExtension.interceptTestMethod(TimeoutExtension.java:86)
	at org.junit.jupiter.engine.execution.InterceptingExecutableInvoker$ReflectiveInterceptorCall.lambda$ofVoidMethod$0(InterceptingExecutableInvoker.java:103)
	at org.junit.jupiter.engine.execution.InterceptingExecutableInvoker.lambda$invoke$0(InterceptingExecutableInvoker.java:93)
	at org.junit.jupiter.engine.execution.InvocationInterceptorChain$InterceptedInvocation.proceed(InvocationInterceptorChain.java:106)
	at org.junit.jupiter.engine.execution.InvocationInterceptorChain.proceed(InvocationInterceptorChain.java:64)
	at org.junit.jupiter.engine.execution.InvocationInterceptorChain.chainAndInvoke(InvocationInterceptorChain.java:45)
	at org.junit.jupiter.engine.execution.InvocationInterceptorChain.invoke(InvocationInterceptorChain.java:37)
	at org.junit.jupiter.engine.execution.InterceptingExecutableInvoker.invoke(InterceptingExecutableInvoker.java:92)
	at org.junit.jupiter.engine.execution.InterceptingExecutableInvoker.invoke(InterceptingExecutableInvoker.java:86)
	at org.junit.jupiter.engine.descriptor.TestMethodTestDescriptor.lambda$invokeTestMethod$7(TestMethodTestDescriptor.java:217)
	at org.junit.platform.engine.support.hierarchical.ThrowableCollector.execute(ThrowableCollector.java:73)
	at org.junit.jupiter.engine.descriptor.TestMethodTestDescriptor.invokeTestMethod(TestMethodTestDescriptor.java:213)
	at org.junit.jupiter.engine.descriptor.TestMethodTestDescriptor.execute(TestMethodTestDescriptor.java:138)
	at org.junit.jupiter.engine.descriptor.TestMethodTestDescriptor.execute(TestMethodTestDescriptor.java:68)
	at org.junit.platform.engine.support.hierarchical.NodeTestTask.lambda$executeRecursively$6(NodeTestTask.java:151)
	at org.junit.platform.engine.support.hierarchical.ThrowableCollector.execute(ThrowableCollector.java:73)
	at org.junit.platform.engine.support.hierarchical.NodeTestTask.lambda$executeRecursively$8(NodeTestTask.java:141)
	at org.junit.platform.engine.support.hierarchical.Node.around(Node.java:137)
	at org.junit.platform.engine.support.hierarchical.NodeTestTask.lambda$executeRecursively$9(NodeTestTask.java:139)
	at org.junit.platform.engine.support.hierarchical.ThrowableCollector.execute(ThrowableCollector.java:73)
	at org.junit.platform.engine.support.hierarchical.NodeTestTask.executeRecursively(NodeTestTask.java:138)
	at org.junit.platform.engine.support.hierarchical.NodeTestTask.execute(NodeTestTask.java:95)
	at java.base/java.util.ArrayList.forEach(ArrayList.java:1511)
	at org.junit.platform.engine.support.hierarchical.SameThreadHierarchicalTestExecutorService.invokeAll(SameThreadHierarchicalTestExecutorService.java:41)
	at org.junit.platform.engine.support.hierarchical.NodeTestTask.lambda$executeRecursively$6(NodeTestTask.java:155)
	at org.junit.platform.engine.support.hierarchical.ThrowableCollector.execute(ThrowableCollector.java:73)
	at org.junit.platform.engine.support.hierarchical.NodeTestTask.lambda$executeRecursively$8(NodeTestTask.java:141)
	at org.junit.platform.engine.support.hierarchical.Node.around(Node.java:137)
	at org.junit.platform.engine.support.hierarchical.NodeTestTask.lambda$executeRecursively$9(NodeTestTask.java:139)
	at org.junit.platform.engine.support.hierarchical.ThrowableCollector.execute(ThrowableCollector.java:73)
	at org.junit.platform.engine.support.hierarchical.NodeTestTask.executeRecursively(NodeTestTask.java:138)
	at org.junit.platform.engine.support.hierarchical.NodeTestTask.execute(NodeTestTask.java:95)
	at java.base/java.util.ArrayList.forEach(ArrayList.java:1511)
	at org.junit.platform.engine.support.hierarchical.SameThreadHierarchicalTestExecutorService.invokeAll(SameThreadHierarchicalTestExecutorService.java:41)
	at org.junit.platform.engine.support.hierarchical.NodeTestTask.lambda$executeRecursively$6(NodeTestTask.java:155)
	at org.junit.platform.engine.support.hierarchical.ThrowableCollector.execute(ThrowableCollector.java:73)
	at org.junit.platform.engine.support.hierarchical.NodeTestTask.lambda$executeRecursively$8(NodeTestTask.java:141)
	at org.junit.platform.engine.support.hierarchical.Node.around(Node.java:137)
	at org.junit.platform.engine.support.hierarchical.NodeTestTask.lambda$executeRecursively$9(NodeTestTask.java:139)
	at org.junit.platform.engine.support.hierarchical.ThrowableCollector.execute(ThrowableCollector.java:73)
	at org.junit.platform.engine.support.hierarchical.NodeTestTask.executeRecursively(NodeTestTask.java:138)
	at org.junit.platform.engine.support.hierarchical.NodeTestTask.execute(NodeTestTask.java:95)
	at org.junit.platform.engine.support.hierarchical.SameThreadHierarchicalTestExecutorService.submit(SameThreadHierarchicalTestExecutorService.java:35)
	at org.junit.platform.engine.support.hierarchical.HierarchicalTestExecutor.execute(HierarchicalTestExecutor.java:57)
	at org.junit.platform.engine.support.hierarchical.HierarchicalTestEngine.execute(HierarchicalTestEngine.java:54)
	at org.junit.platform.launcher.core.EngineExecutionOrchestrator.execute(EngineExecutionOrchestrator.java:147)
	at org.junit.platform.launcher.core.EngineExecutionOrchestrator.execute(EngineExecutionOrchestrator.java:127)
	at org.junit.platform.launcher.core.EngineExecutionOrchestrator.execute(EngineExecutionOrchestrator.java:90)
	at org.junit.platform.launcher.core.EngineExecutionOrchestrator.lambda$execute$0(EngineExecutionOrchestrator.java:55)
	at org.junit.platform.launcher.core.EngineExecutionOrchestrator.withInterceptedStreams(EngineExecutionOrchestrator.java:102)
	at org.junit.platform.launcher.core.EngineExecutionOrchestrator.execute(EngineExecutionOrchestrator.java:54)
	at org.junit.platform.launcher.core.DefaultLauncher.execute(DefaultLauncher.java:114)
	at org.junit.platform.launcher.core.DefaultLauncher.execute(DefaultLauncher.java:95)
	at org.junit.platform.launcher.core.DefaultLauncherSession$DelegatingLauncher.execute(DefaultLauncherSession.java:91)
	at org.junit.platform.launcher.core.SessionPerRequestLauncher.execute(SessionPerRequestLauncher.java:60)
	at org.eclipse.jdt.internal.junit5.runner.JUnit5TestReference.run(JUnit5TestReference.java:98)
	at org.eclipse.jdt.internal.junit.runner.TestExecution.run(TestExecution.java:40)
	at org.eclipse.jdt.internal.junit.runner.RemoteTestRunner.runTests(RemoteTestRunner.java:529)
	at org.eclipse.jdt.internal.junit.runner.RemoteTestRunner.runTests(RemoteTestRunner.java:756)
	at org.eclipse.jdt.internal.junit.runner.RemoteTestRunner.run(RemoteTestRunner.java:452)
	at org.eclipse.jdt.internal.junit.runner.RemoteTestRunner.main(RemoteTestRunner.java:210)


      </failure>
    </testcase>
    <testcase name="testGetProductById" classname="com.stackroute.springdatajpamysql.test.ProductServiceImplTest" time="0.009" displayname="testGetProductById()" uniqueid="[engine:junit-jupiter]/[class:com.stackroute.springdatajpamysql.test.ProductServiceImplTest]/[method:testGetProductById()]"/>
    <testcase name="testDeleteProduct" classname="com.stackroute.springdatajpamysql.test.ProductServiceImplTest" time="0.01" displayname="testDeleteProduct()" uniqueid="[engine:junit-jupiter]/[class:com.stackroute.springdatajpamysql.test.ProductServiceImplTest]/[method:testDeleteProduct()]"/>
    <testcase name="testGetAllProducts" classname="com.stackroute.springdatajpamysql.test.ProductServiceImplTest" time="0.007" displayname="testGetAllProducts()" uniqueid="[engine:junit-jupiter]/[class:com.stackroute.springdatajpamysql.test.ProductServiceImplTest]/[method:testGetAllProducts()]"/>
  </testsuite>
  <testsuite name="com.stackroute.springdatajpamysql.test.ProductRepoTest" time="0.099" displayname="ProductRepoTest" uniqueid="[engine:junit-jupiter]/[class:com.stackroute.springdatajpamysql.test.ProductRepoTest]">
    <testcase name="testFindAll" classname="com.stackroute.springdatajpamysql.test.ProductRepoTest" time="0.015" displayname="testFindAll()" uniqueid="[engine:junit-jupiter]/[class:com.stackroute.springdatajpamysql.test.ProductRepoTest]/[method:testFindAll()]"/>
    <testcase name="testSave" classname="com.stackroute.springdatajpamysql.test.ProductRepoTest" time="0.009" displayname="testSave()" uniqueid="[engine:junit-jupiter]/[class:com.stackroute.springdatajpamysql.test.ProductRepoTest]/[method:testSave()]"/>
    <testcase name="testFindById" classname="com.stackroute.springdatajpamysql.test.ProductRepoTest" time="0.008" displayname="testFindById()" uniqueid="[engine:junit-jupiter]/[class:com.stackroute.springdatajpamysql.test.ProductRepoTest]/[method:testFindById()]"/>
    <testcase name="testUpdateProduct" classname="com.stackroute.springdatajpamysql.test.ProductRepoTest" time="0.062" displayname="testUpdateProduct()" uniqueid="[engine:junit-jupiter]/[class:com.stackroute.springdatajpamysql.test.ProductRepoTest]/[method:testUpdateProduct()]">
      <failure>
        <expected>productRepo.save(
    com.stackroute.springdatajpamysql.entity.Product@1a13b5c1
);</expected>
        <actual>productRepo.findById(
    1L
);
productRepo.save(
    com.stackroute.springdatajpamysql.entity.Product@1b6e32ee
);
</actual>
        Argument(s) are different! Wanted:
productRepo.save(
    com.stackroute.springdatajpamysql.entity.Product@1a13b5c1
);
-&gt; at com.stackroute.springdatajpamysql.test.ProductRepoTest.testUpdateProduct(ProductRepoTest.java:85)
Actual invocations have different arguments:
productRepo.findById(
    1L
);
-&gt; at com.stackroute.springdatajpamysql.service.ProductServiceImpl.updateProduct(ProductServiceImpl.java:37)
productRepo.save(
    com.stackroute.springdatajpamysql.entity.Product@1b6e32ee
);
-&gt; at com.stackroute.springdatajpamysql.service.ProductServiceImpl.updateProduct(ProductServiceImpl.java:39)

	at com.stackroute.springdatajpamysql.test.ProductRepoTest.testUpdateProduct(ProductRepoTest.java:85)
	at java.base/jdk.internal.reflect.NativeMethodAccessorImpl.invoke0(Native Method)
	at java.base/jdk.internal.reflect.NativeMethodAccessorImpl.invoke(NativeMethodAccessorImpl.java:77)
	at java.base/jdk.internal.reflect.DelegatingMethodAccessorImpl.invoke(DelegatingMethodAccessorImpl.java:43)
	at java.base/java.lang.reflect.Method.invoke(Method.java:568)
	at org.junit.platform.commons.util.ReflectionUtils.invokeMethod(ReflectionUtils.java:727)
	at org.junit.jupiter.engine.execution.MethodInvocation.proceed(MethodInvocation.java:60)
	at org.junit.jupiter.engine.execution.InvocationInterceptorChain$ValidatingInvocation.proceed(InvocationInterceptorChain.java:131)
	at org.junit.jupiter.engine.extension.TimeoutExtension.intercept(TimeoutExtension.java:156)
	at org.junit.jupiter.engine.extension.TimeoutExtension.interceptTestableMethod(TimeoutExtension.java:147)
	at org.junit.jupiter.engine.extension.TimeoutExtension.interceptTestMethod(TimeoutExtension.java:86)
	at org.junit.jupiter.engine.execution.InterceptingExecutableInvoker$ReflectiveInterceptorCall.lambda$ofVoidMethod$0(InterceptingExecutableInvoker.java:103)
	at org.junit.jupiter.engine.execution.InterceptingExecutableInvoker.lambda$invoke$0(InterceptingExecutableInvoker.java:93)
	at org.junit.jupiter.engine.execution.InvocationInterceptorChain$InterceptedInvocation.proceed(InvocationInterceptorChain.java:106)
	at org.junit.jupiter.engine.execution.InvocationInterceptorChain.proceed(InvocationInterceptorChain.java:64)
	at org.junit.jupiter.engine.execution.InvocationInterceptorChain.chainAndInvoke(InvocationInterceptorChain.java:45)
	at org.junit.jupiter.engine.execution.InvocationInterceptorChain.invoke(InvocationInterceptorChain.java:37)
	at org.junit.jupiter.engine.execution.InterceptingExecutableInvoker.invoke(InterceptingExecutableInvoker.java:92)
	at org.junit.jupiter.engine.execution.InterceptingExecutableInvoker.invoke(InterceptingExecutableInvoker.java:86)
	at org.junit.jupiter.engine.descriptor.TestMethodTestDescriptor.lambda$invokeTestMethod$7(TestMethodTestDescriptor.java:217)
	at org.junit.platform.engine.support.hierarchical.ThrowableCollector.execute(ThrowableCollector.java:73)
	at org.junit.jupiter.engine.descriptor.TestMethodTestDescriptor.invokeTestMethod(TestMethodTestDescriptor.java:213)
	at org.junit.jupiter.engine.descriptor.TestMethodTestDescriptor.execute(TestMethodTestDescriptor.java:138)
	at org.junit.jupiter.engine.descriptor.TestMethodTestDescriptor.execute(TestMethodTestDescriptor.java:68)
	at org.junit.platform.engine.support.hierarchical.NodeTestTask.lambda$executeRecursively$6(NodeTestTask.java:151)
	at org.junit.platform.engine.support.hierarchical.ThrowableCollector.execute(ThrowableCollector.java:73)
	at org.junit.platform.engine.support.hierarchical.NodeTestTask.lambda$executeRecursively$8(NodeTestTask.java:141)
	at org.junit.platform.engine.support.hierarchical.Node.around(Node.java:137)
	at org.junit.platform.engine.support.hierarchical.NodeTestTask.lambda$executeRecursively$9(NodeTestTask.java:139)
	at org.junit.platform.engine.support.hierarchical.ThrowableCollector.execute(ThrowableCollector.java:73)
	at org.junit.platform.engine.support.hierarchical.NodeTestTask.executeRecursively(NodeTestTask.java:138)
	at org.junit.platform.engine.support.hierarchical.NodeTestTask.execute(NodeTestTask.java:95)
	at java.base/java.util.ArrayList.forEach(ArrayList.java:1511)
	at org.junit.platform.engine.support.hierarchical.SameThreadHierarchicalTestExecutorService.invokeAll(SameThreadHierarchicalTestExecutorService.java:41)
	at org.junit.platform.engine.support.hierarchical.NodeTestTask.lambda$executeRecursively$6(NodeTestTask.java:155)
	at org.junit.platform.engine.support.hierarchical.ThrowableCollector.execute(ThrowableCollector.java:73)
	at org.junit.platform.engine.support.hierarchical.NodeTestTask.lambda$executeRecursively$8(NodeTestTask.java:141)
	at org.junit.platform.engine.support.hierarchical.Node.around(Node.java:137)
	at org.junit.platform.engine.support.hierarchical.NodeTestTask.lambda$executeRecursively$9(NodeTestTask.java:139)
	at org.junit.platform.engine.support.hierarchical.ThrowableCollector.execute(ThrowableCollector.java:73)
	at org.junit.platform.engine.support.hierarchical.NodeTestTask.executeRecursively(NodeTestTask.java:138)
	at org.junit.platform.engine.support.hierarchical.NodeTestTask.execute(NodeTestTask.java:95)
	at java.base/java.util.ArrayList.forEach(ArrayList.java:1511)
	at org.junit.platform.engine.support.hierarchical.SameThreadHierarchicalTestExecutorService.invokeAll(SameThreadHierarchicalTestExecutorService.java:41)
	at org.junit.platform.engine.support.hierarchical.NodeTestTask.lambda$executeRecursively$6(NodeTestTask.java:155)
	at org.junit.platform.engine.support.hierarchical.ThrowableCollector.execute(ThrowableCollector.java:73)
	at org.junit.platform.engine.support.hierarchical.NodeTestTask.lambda$executeRecursively$8(NodeTestTask.java:141)
	at org.junit.platform.engine.support.hierarchical.Node.around(Node.java:137)
	at org.junit.platform.engine.support.hierarchical.NodeTestTask.lambda$executeRecursively$9(NodeTestTask.java:139)
	at org.junit.platform.engine.support.hierarchical.ThrowableCollector.execute(ThrowableCollector.java:73)
	at org.junit.platform.engine.support.hierarchical.NodeTestTask.executeRecursively(NodeTestTask.java:138)
	at org.junit.platform.engine.support.hierarchical.NodeTestTask.execute(NodeTestTask.java:95)
	at org.junit.platform.engine.support.hierarchical.SameThreadHierarchicalTestExecutorService.submit(SameThreadHierarchicalTestExecutorService.java:35)
	at org.junit.platform.engine.support.hierarchical.HierarchicalTestExecutor.execute(HierarchicalTestExecutor.java:57)
	at org.junit.platform.engine.support.hierarchical.HierarchicalTestEngine.execute(HierarchicalTestEngine.java:54)
	at org.junit.platform.launcher.core.EngineExecutionOrchestrator.execute(EngineExecutionOrchestrator.java:147)
	at org.junit.platform.launcher.core.EngineExecutionOrchestrator.execute(EngineExecutionOrchestrator.java:127)
	at org.junit.platform.launcher.core.EngineExecutionOrchestrator.execute(EngineExecutionOrchestrator.java:90)
	at org.junit.platform.launcher.core.EngineExecutionOrchestrator.lambda$execute$0(EngineExecutionOrchestrator.java:55)
	at org.junit.platform.launcher.core.EngineExecutionOrchestrator.withInterceptedStreams(EngineExecutionOrchestrator.java:102)
	at org.junit.platform.launcher.core.EngineExecutionOrchestrator.execute(EngineExecutionOrchestrator.java:54)
	at org.junit.platform.launcher.core.DefaultLauncher.execute(DefaultLauncher.java:114)
	at org.junit.platform.launcher.core.DefaultLauncher.execute(DefaultLauncher.java:95)
	at org.junit.platform.launcher.core.DefaultLauncherSession$DelegatingLauncher.execute(DefaultLauncherSession.java:91)
	at org.junit.platform.launcher.core.SessionPerRequestLauncher.execute(SessionPerRequestLauncher.java:60)
	at org.eclipse.jdt.internal.junit5.runner.JUnit5TestReference.run(JUnit5TestReference.java:98)
	at org.eclipse.jdt.internal.junit.runner.TestExecution.run(TestExecution.java:40)
	at org.eclipse.jdt.internal.junit.runner.RemoteTestRunner.runTests(RemoteTestRunner.java:529)
	at org.eclipse.jdt.internal.junit.runner.RemoteTestRunner.runTests(RemoteTestRunner.java:756)
	at org.eclipse.jdt.internal.junit.runner.RemoteTestRunner.run(RemoteTestRunner.java:452)
	at org.eclipse.jdt.internal.junit.runner.RemoteTestRunner.main(RemoteTestRunner.java:210)


      </failure>
    </testcase>
    <testcase name="testDelete" classname="com.stackroute.springdatajpamysql.test.ProductRepoTest" time="0.0" displayname="testDelete()" uniqueid="[engine:junit-jupiter]/[class:com.stackroute.springdatajpamysql.test.ProductRepoTest]/[method:testDelete()]"/>
  </testsuite>
  <testsuite name="com.stackroute.springdatajpamysql.test.ProductControllerTest" time="0.114" displayname="ProductControllerTest" uniqueid="[engine:junit-jupiter]/[class:com.stackroute.springdatajpamysql.test.ProductControllerTest]">
    <testcase name="testSaveProduct" classname="com.stackroute.springdatajpamysql.test.ProductControllerTest" time="0.056" displayname="testSaveProduct()" uniqueid="[engine:junit-jupiter]/[class:com.stackroute.springdatajpamysql.test.ProductControllerTest]/[method:testSaveProduct()]"/>
    <testcase name="testUpdateProduct" classname="com.stackroute.springdatajpamysql.test.ProductControllerTest" time="0.006" displayname="testUpdateProduct()" uniqueid="[engine:junit-jupiter]/[class:com.stackroute.springdatajpamysql.test.ProductControllerTest]/[method:testUpdateProduct()]"/>
    <testcase name="testGetProductById" classname="com.stackroute.springdatajpamysql.test.ProductControllerTest" time="0.024" displayname="testGetProductById()" uniqueid="[engine:junit-jupiter]/[class:com.stackroute.springdatajpamysql.test.ProductControllerTest]/[method:testGetProductById()]"/>
    <testcase name="testDeleteProduct" classname="com.stackroute.springdatajpamysql.test.ProductControllerTest" time="0.006" displayname="testDeleteProduct()" uniqueid="[engine:junit-jupiter]/[class:com.stackroute.springdatajpamysql.test.ProductControllerTest]/[method:testDeleteProduct()]"/>
    <testcase name="testGetAllProducts" classname="com.stackroute.springdatajpamysql.test.ProductControllerTest" time="0.018" displayname="testGetAllProducts()" uniqueid="[engine:junit-jupiter]/[class:com.stackroute.springdatajpamysql.test.ProductControllerTest]/[method:testGetAllProducts()]"/>
  </testsuite>
</testrun>
