<?xml version="1.0" encoding="UTF-8"?><testrun name="java" project="exercise-td-collections-arraylist-player" tests="11" started="11" failures="2" errors="0" ignored="0">
  <testsuite name="com.stackroute.collections.test.PlayerListServiceTests" time="0.001" displayname="PlayerListServiceTests" uniqueid="[engine:junit-jupiter]/[class:com.stackroute.collections.test.PlayerListServiceTests]">
    <testcase name="givenPlayerServiceWhenEmptyListExistsThenReturnEmptyPlayerList" classname="com.stackroute.collections.test.PlayerListServiceTests" time="0.001" displayname="givenPlayerServiceWhenEmptyListExistsThenReturnEmptyPlayerList()" uniqueid="[engine:junit-jupiter]/[class:com.stackroute.collections.test.PlayerListServiceTests]/[method:givenPlayerServiceWhenEmptyListExistsThenReturnEmptyPlayerList()]"/>
    <testcase name="givenPlayerServiceWhenSortedByNameThenReturnNameSortedPlayerList" classname="com.stackroute.collections.test.PlayerListServiceTests" time="0.0" displayname="givenPlayerServiceWhenSortedByNameThenReturnNameSortedPlayerList()" uniqueid="[engine:junit-jupiter]/[class:com.stackroute.collections.test.PlayerListServiceTests]/[method:givenPlayerServiceWhenSortedByNameThenReturnNameSortedPlayerList()]"/>
    <testcase name="givenPlayerValuesWhenAddedThenReturnPlayerList" classname="com.stackroute.collections.test.PlayerListServiceTests" time="0.0" displayname="givenPlayerValuesWhenAddedThenReturnPlayerList()" uniqueid="[engine:junit-jupiter]/[class:com.stackroute.collections.test.PlayerListServiceTests]/[method:givenPlayerValuesWhenAddedThenReturnPlayerList()]"/>
    <testcase name="givenPlayerListServiceObjectThenPlayerListInitializedAsArrayList" classname="com.stackroute.collections.test.PlayerListServiceTests" time="0.0" displayname="givenPlayerListServiceObjectThenPlayerListInitializedAsArrayList()" uniqueid="[engine:junit-jupiter]/[class:com.stackroute.collections.test.PlayerListServiceTests]/[method:givenPlayerListServiceObjectThenPlayerListInitializedAsArrayList()]"/>
  </testsuite>
  <testsuite name="com.stackroute.collections.PlayerScoreComparatorTests" time="0.055" displayname="PlayerScoreComparatorTests" uniqueid="[engine:junit-jupiter]/[class:com.stackroute.collections.PlayerScoreComparatorTests]">
    <testcase name="givenPlayerListWhenScoresAreSameReturnPlayerListSortedByIdInAscendingOrder" classname="com.stackroute.collections.PlayerScoreComparatorTests" time="0.025" displayname="givenPlayerListWhenScoresAreSameReturnPlayerListSortedByIdInAscendingOrder()" uniqueid="[engine:junit-jupiter]/[class:com.stackroute.collections.PlayerScoreComparatorTests]/[method:givenPlayerListWhenScoresAreSameReturnPlayerListSortedByIdInAscendingOrder()]">
      <failure>java.lang.AssertionError: Player list returned has not sorted player scores in the descending order
Expected: iterable containing [&lt;Player [playerId=2, playerName=M S Dhoni, playerScore=38, playerMatch=India Vs Australia]&gt;, &lt;Player [playerId=3, playerName=Rohit Sharma, playerScore=38, playerMatch=India Vs West Indies]&gt;]
     but: item 0: was &lt;Player [playerId=3, playerName=Rohit Sharma, playerScore=38, playerMatch=India Vs West Indies]&gt;
	at org.hamcrest.MatcherAssert.assertThat(MatcherAssert.java:20)
	at com.stackroute.collections.PlayerScoreComparatorTests.givenPlayerListWhenScoresAreSameReturnPlayerListSortedByIdInAscendingOrder(PlayerScoreComparatorTests.java:58)
	at java.base/jdk.internal.reflect.NativeMethodAccessorImpl.invoke0(Native Method)
	at java.base/jdk.internal.reflect.NativeMethodAccessorImpl.invoke(NativeMethodAccessorImpl.java:77)
	at java.base/jdk.internal.reflect.DelegatingMethodAccessorImpl.invoke(DelegatingMethodAccessorImpl.java:43)
	at java.base/java.lang.reflect.Method.invoke(Method.java:568)
	at org.junit.platform.commons.util.ReflectionUtils.invokeMethod(ReflectionUtils.java:675)
	at org.junit.jupiter.engine.execution.MethodInvocation.proceed(MethodInvocation.java:60)
	at org.junit.jupiter.engine.execution.InvocationInterceptorChain$ValidatingInvocation.proceed(InvocationInterceptorChain.java:125)
	at org.junit.jupiter.engine.extension.TimeoutExtension.intercept(TimeoutExtension.java:132)
	at org.junit.jupiter.engine.extension.TimeoutExtension.interceptTestableMethod(TimeoutExtension.java:124)
	at org.junit.jupiter.engine.extension.TimeoutExtension.interceptTestMethod(TimeoutExtension.java:74)
	at org.junit.jupiter.engine.execution.ExecutableInvoker$ReflectiveInterceptorCall.lambda$ofVoidMethod$0(ExecutableInvoker.java:115)
	at org.junit.jupiter.engine.execution.ExecutableInvoker.lambda$invoke$0(ExecutableInvoker.java:105)
	at org.junit.jupiter.engine.execution.InvocationInterceptorChain$InterceptedInvocation.proceed(InvocationInterceptorChain.java:104)
	at org.junit.jupiter.engine.execution.InvocationInterceptorChain.proceed(InvocationInterceptorChain.java:62)
	at org.junit.jupiter.engine.execution.InvocationInterceptorChain.chainAndInvoke(InvocationInterceptorChain.java:43)
	at org.junit.jupiter.engine.execution.InvocationInterceptorChain.invoke(InvocationInterceptorChain.java:35)
	at org.junit.jupiter.engine.execution.ExecutableInvoker.invoke(ExecutableInvoker.java:104)
	at org.junit.jupiter.engine.execution.ExecutableInvoker.invoke(ExecutableInvoker.java:98)
	at org.junit.jupiter.engine.descriptor.TestMethodTestDescriptor.lambda$invokeTestMethod$6(TestMethodTestDescriptor.java:202)
	at org.junit.platform.engine.support.hierarchical.ThrowableCollector.execute(ThrowableCollector.java:73)
	at org.junit.jupiter.engine.descriptor.TestMethodTestDescriptor.invokeTestMethod(TestMethodTestDescriptor.java:198)
	at org.junit.jupiter.engine.descriptor.TestMethodTestDescriptor.execute(TestMethodTestDescriptor.java:135)
	at org.junit.jupiter.engine.descriptor.TestMethodTestDescriptor.execute(TestMethodTestDescriptor.java:69)
	at org.junit.platform.engine.support.hierarchical.NodeTestTask.lambda$executeRecursively$5(NodeTestTask.java:135)
	at org.junit.platform.engine.support.hierarchical.ThrowableCollector.execute(ThrowableCollector.java:73)
	at org.junit.platform.engine.support.hierarchical.NodeTestTask.lambda$executeRecursively$7(NodeTestTask.java:125)
	at org.junit.platform.engine.support.hierarchical.Node.around(Node.java:135)
	at org.junit.platform.engine.support.hierarchical.NodeTestTask.lambda$executeRecursively$8(NodeTestTask.java:123)
	at org.junit.platform.engine.support.hierarchical.ThrowableCollector.execute(ThrowableCollector.java:73)
	at org.junit.platform.engine.support.hierarchical.NodeTestTask.executeRecursively(NodeTestTask.java:122)
	at org.junit.platform.engine.support.hierarchical.NodeTestTask.execute(NodeTestTask.java:80)
	at java.base/java.util.ArrayList.forEach(ArrayList.java:1511)
	at org.junit.platform.engine.support.hierarchical.SameThreadHierarchicalTestExecutorService.invokeAll(SameThreadHierarchicalTestExecutorService.java:38)
	at org.junit.platform.engine.support.hierarchical.NodeTestTask.lambda$executeRecursively$5(NodeTestTask.java:139)
	at org.junit.platform.engine.support.hierarchical.ThrowableCollector.execute(ThrowableCollector.java:73)
	at org.junit.platform.engine.support.hierarchical.NodeTestTask.lambda$executeRecursively$7(NodeTestTask.java:125)
	at org.junit.platform.engine.support.hierarchical.Node.around(Node.java:135)
	at org.junit.platform.engine.support.hierarchical.NodeTestTask.lambda$executeRecursively$8(NodeTestTask.java:123)
	at org.junit.platform.engine.support.hierarchical.ThrowableCollector.execute(ThrowableCollector.java:73)
	at org.junit.platform.engine.support.hierarchical.NodeTestTask.executeRecursively(NodeTestTask.java:122)
	at org.junit.platform.engine.support.hierarchical.NodeTestTask.execute(NodeTestTask.java:80)
	at java.base/java.util.ArrayList.forEach(ArrayList.java:1511)
	at org.junit.platform.engine.support.hierarchical.SameThreadHierarchicalTestExecutorService.invokeAll(SameThreadHierarchicalTestExecutorService.java:38)
	at org.junit.platform.engine.support.hierarchical.NodeTestTask.lambda$executeRecursively$5(NodeTestTask.java:139)
	at org.junit.platform.engine.support.hierarchical.ThrowableCollector.execute(ThrowableCollector.java:73)
	at org.junit.platform.engine.support.hierarchical.NodeTestTask.lambda$executeRecursively$7(NodeTestTask.java:125)
	at org.junit.platform.engine.support.hierarchical.Node.around(Node.java:135)
	at org.junit.platform.engine.support.hierarchical.NodeTestTask.lambda$executeRecursively$8(NodeTestTask.java:123)
	at org.junit.platform.engine.support.hierarchical.ThrowableCollector.execute(ThrowableCollector.java:73)
	at org.junit.platform.engine.support.hierarchical.NodeTestTask.executeRecursively(NodeTestTask.java:122)
	at org.junit.platform.engine.support.hierarchical.NodeTestTask.execute(NodeTestTask.java:80)
	at org.junit.platform.engine.support.hierarchical.SameThreadHierarchicalTestExecutorService.submit(SameThreadHierarchicalTestExecutorService.java:32)
	at org.junit.platform.engine.support.hierarchical.HierarchicalTestExecutor.execute(HierarchicalTestExecutor.java:57)
	at org.junit.platform.engine.support.hierarchical.HierarchicalTestEngine.execute(HierarchicalTestEngine.java:51)
	at org.junit.platform.launcher.core.DefaultLauncher.execute(DefaultLauncher.java:229)
	at org.junit.platform.launcher.core.DefaultLauncher.lambda$execute$6(DefaultLauncher.java:197)
	at org.junit.platform.launcher.core.DefaultLauncher.withInterceptedStreams(DefaultLauncher.java:211)
	at org.junit.platform.launcher.core.DefaultLauncher.execute(DefaultLauncher.java:191)
	at org.junit.platform.launcher.core.DefaultLauncher.execute(DefaultLauncher.java:137)
	at org.eclipse.jdt.internal.junit5.runner.JUnit5TestReference.run(JUnit5TestReference.java:98)
	at org.eclipse.jdt.internal.junit.runner.TestExecution.run(TestExecution.java:40)
	at org.eclipse.jdt.internal.junit.runner.RemoteTestRunner.runTests(RemoteTestRunner.java:529)
	at org.eclipse.jdt.internal.junit.runner.RemoteTestRunner.runTests(RemoteTestRunner.java:756)
	at org.eclipse.jdt.internal.junit.runner.RemoteTestRunner.run(RemoteTestRunner.java:452)
	at org.eclipse.jdt.internal.junit.runner.RemoteTestRunner.main(RemoteTestRunner.java:210)

</failure>
    </testcase>
    <testcase name="givenPlayerListWhenComparedReturnPlayerListSortedByScoreInDescendingOrder" classname="com.stackroute.collections.PlayerScoreComparatorTests" time="0.002" displayname="givenPlayerListWhenComparedReturnPlayerListSortedByScoreInDescendingOrder()" uniqueid="[engine:junit-jupiter]/[class:com.stackroute.collections.PlayerScoreComparatorTests]/[method:givenPlayerListWhenComparedReturnPlayerListSortedByScoreInDescendingOrder()]">
      <failure>java.lang.AssertionError: Player list returned has not sorted player scores in the descending order
Expected: iterable containing [&lt;Player [playerId=1, playerName=Sachin Tendulkar, playerScore=68, playerMatch=India Vs Australia]&gt;, &lt;Player [playerId=2, playerName=M S Dhoni, playerScore=38, playerMatch=India Vs Australia]&gt;]
     but: item 0: was &lt;Player [playerId=2, playerName=M S Dhoni, playerScore=38, playerMatch=India Vs Australia]&gt;
	at org.hamcrest.MatcherAssert.assertThat(MatcherAssert.java:20)
	at com.stackroute.collections.PlayerScoreComparatorTests.givenPlayerListWhenComparedReturnPlayerListSortedByScoreInDescendingOrder(PlayerScoreComparatorTests.java:48)
	at java.base/jdk.internal.reflect.NativeMethodAccessorImpl.invoke0(Native Method)
	at java.base/jdk.internal.reflect.NativeMethodAccessorImpl.invoke(NativeMethodAccessorImpl.java:77)
	at java.base/jdk.internal.reflect.DelegatingMethodAccessorImpl.invoke(DelegatingMethodAccessorImpl.java:43)
	at java.base/java.lang.reflect.Method.invoke(Method.java:568)
	at org.junit.platform.commons.util.ReflectionUtils.invokeMethod(ReflectionUtils.java:675)
	at org.junit.jupiter.engine.execution.MethodInvocation.proceed(MethodInvocation.java:60)
	at org.junit.jupiter.engine.execution.InvocationInterceptorChain$ValidatingInvocation.proceed(InvocationInterceptorChain.java:125)
	at org.junit.jupiter.engine.extension.TimeoutExtension.intercept(TimeoutExtension.java:132)
	at org.junit.jupiter.engine.extension.TimeoutExtension.interceptTestableMethod(TimeoutExtension.java:124)
	at org.junit.jupiter.engine.extension.TimeoutExtension.interceptTestMethod(TimeoutExtension.java:74)
	at org.junit.jupiter.engine.execution.ExecutableInvoker$ReflectiveInterceptorCall.lambda$ofVoidMethod$0(ExecutableInvoker.java:115)
	at org.junit.jupiter.engine.execution.ExecutableInvoker.lambda$invoke$0(ExecutableInvoker.java:105)
	at org.junit.jupiter.engine.execution.InvocationInterceptorChain$InterceptedInvocation.proceed(InvocationInterceptorChain.java:104)
	at org.junit.jupiter.engine.execution.InvocationInterceptorChain.proceed(InvocationInterceptorChain.java:62)
	at org.junit.jupiter.engine.execution.InvocationInterceptorChain.chainAndInvoke(InvocationInterceptorChain.java:43)
	at org.junit.jupiter.engine.execution.InvocationInterceptorChain.invoke(InvocationInterceptorChain.java:35)
	at org.junit.jupiter.engine.execution.ExecutableInvoker.invoke(ExecutableInvoker.java:104)
	at org.junit.jupiter.engine.execution.ExecutableInvoker.invoke(ExecutableInvoker.java:98)
	at org.junit.jupiter.engine.descriptor.TestMethodTestDescriptor.lambda$invokeTestMethod$6(TestMethodTestDescriptor.java:202)
	at org.junit.platform.engine.support.hierarchical.ThrowableCollector.execute(ThrowableCollector.java:73)
	at org.junit.jupiter.engine.descriptor.TestMethodTestDescriptor.invokeTestMethod(TestMethodTestDescriptor.java:198)
	at org.junit.jupiter.engine.descriptor.TestMethodTestDescriptor.execute(TestMethodTestDescriptor.java:135)
	at org.junit.jupiter.engine.descriptor.TestMethodTestDescriptor.execute(TestMethodTestDescriptor.java:69)
	at org.junit.platform.engine.support.hierarchical.NodeTestTask.lambda$executeRecursively$5(NodeTestTask.java:135)
	at org.junit.platform.engine.support.hierarchical.ThrowableCollector.execute(ThrowableCollector.java:73)
	at org.junit.platform.engine.support.hierarchical.NodeTestTask.lambda$executeRecursively$7(NodeTestTask.java:125)
	at org.junit.platform.engine.support.hierarchical.Node.around(Node.java:135)
	at org.junit.platform.engine.support.hierarchical.NodeTestTask.lambda$executeRecursively$8(NodeTestTask.java:123)
	at org.junit.platform.engine.support.hierarchical.ThrowableCollector.execute(ThrowableCollector.java:73)
	at org.junit.platform.engine.support.hierarchical.NodeTestTask.executeRecursively(NodeTestTask.java:122)
	at org.junit.platform.engine.support.hierarchical.NodeTestTask.execute(NodeTestTask.java:80)
	at java.base/java.util.ArrayList.forEach(ArrayList.java:1511)
	at org.junit.platform.engine.support.hierarchical.SameThreadHierarchicalTestExecutorService.invokeAll(SameThreadHierarchicalTestExecutorService.java:38)
	at org.junit.platform.engine.support.hierarchical.NodeTestTask.lambda$executeRecursively$5(NodeTestTask.java:139)
	at org.junit.platform.engine.support.hierarchical.ThrowableCollector.execute(ThrowableCollector.java:73)
	at org.junit.platform.engine.support.hierarchical.NodeTestTask.lambda$executeRecursively$7(NodeTestTask.java:125)
	at org.junit.platform.engine.support.hierarchical.Node.around(Node.java:135)
	at org.junit.platform.engine.support.hierarchical.NodeTestTask.lambda$executeRecursively$8(NodeTestTask.java:123)
	at org.junit.platform.engine.support.hierarchical.ThrowableCollector.execute(ThrowableCollector.java:73)
	at org.junit.platform.engine.support.hierarchical.NodeTestTask.executeRecursively(NodeTestTask.java:122)
	at org.junit.platform.engine.support.hierarchical.NodeTestTask.execute(NodeTestTask.java:80)
	at java.base/java.util.ArrayList.forEach(ArrayList.java:1511)
	at org.junit.platform.engine.support.hierarchical.SameThreadHierarchicalTestExecutorService.invokeAll(SameThreadHierarchicalTestExecutorService.java:38)
	at org.junit.platform.engine.support.hierarchical.NodeTestTask.lambda$executeRecursively$5(NodeTestTask.java:139)
	at org.junit.platform.engine.support.hierarchical.ThrowableCollector.execute(ThrowableCollector.java:73)
	at org.junit.platform.engine.support.hierarchical.NodeTestTask.lambda$executeRecursively$7(NodeTestTask.java:125)
	at org.junit.platform.engine.support.hierarchical.Node.around(Node.java:135)
	at org.junit.platform.engine.support.hierarchical.NodeTestTask.lambda$executeRecursively$8(NodeTestTask.java:123)
	at org.junit.platform.engine.support.hierarchical.ThrowableCollector.execute(ThrowableCollector.java:73)
	at org.junit.platform.engine.support.hierarchical.NodeTestTask.executeRecursively(NodeTestTask.java:122)
	at org.junit.platform.engine.support.hierarchical.NodeTestTask.execute(NodeTestTask.java:80)
	at org.junit.platform.engine.support.hierarchical.SameThreadHierarchicalTestExecutorService.submit(SameThreadHierarchicalTestExecutorService.java:32)
	at org.junit.platform.engine.support.hierarchical.HierarchicalTestExecutor.execute(HierarchicalTestExecutor.java:57)
	at org.junit.platform.engine.support.hierarchical.HierarchicalTestEngine.execute(HierarchicalTestEngine.java:51)
	at org.junit.platform.launcher.core.DefaultLauncher.execute(DefaultLauncher.java:229)
	at org.junit.platform.launcher.core.DefaultLauncher.lambda$execute$6(DefaultLauncher.java:197)
	at org.junit.platform.launcher.core.DefaultLauncher.withInterceptedStreams(DefaultLauncher.java:211)
	at org.junit.platform.launcher.core.DefaultLauncher.execute(DefaultLauncher.java:191)
	at org.junit.platform.launcher.core.DefaultLauncher.execute(DefaultLauncher.java:137)
	at org.eclipse.jdt.internal.junit5.runner.JUnit5TestReference.run(JUnit5TestReference.java:98)
	at org.eclipse.jdt.internal.junit.runner.TestExecution.run(TestExecution.java:40)
	at org.eclipse.jdt.internal.junit.runner.RemoteTestRunner.runTests(RemoteTestRunner.java:529)
	at org.eclipse.jdt.internal.junit.runner.RemoteTestRunner.runTests(RemoteTestRunner.java:756)
	at org.eclipse.jdt.internal.junit.runner.RemoteTestRunner.run(RemoteTestRunner.java:452)
	at org.eclipse.jdt.internal.junit.runner.RemoteTestRunner.main(RemoteTestRunner.java:210)

</failure>
    </testcase>
    <testcase name="givenPlayerNameComparatorClassThenShouldBeOfComparatorType" classname="com.stackroute.collections.PlayerScoreComparatorTests" time="0.0" displayname="givenPlayerNameComparatorClassThenShouldBeOfComparatorType()" uniqueid="[engine:junit-jupiter]/[class:com.stackroute.collections.PlayerScoreComparatorTests]/[method:givenPlayerNameComparatorClassThenShouldBeOfComparatorType()]"/>
  </testsuite>
  <testsuite name="com.stackroute.collections.PlayerTests" time="0.0" displayname="PlayerTests" uniqueid="[engine:junit-jupiter]/[class:com.stackroute.collections.PlayerTests]">
    <testcase name="givenValidPlayerValuesThenReturnPlayerDetails" classname="com.stackroute.collections.PlayerTests" time="0.0" displayname="givenValidPlayerValuesThenReturnPlayerDetails()" uniqueid="[engine:junit-jupiter]/[class:com.stackroute.collections.PlayerTests]/[method:givenValidPlayerValuesThenReturnPlayerDetails()]"/>
    <testcase name="givenValidPlayerValuesWhenCreatedThenSetProperties" classname="com.stackroute.collections.PlayerTests" time="0.0" displayname="givenValidPlayerValuesWhenCreatedThenSetProperties()" uniqueid="[engine:junit-jupiter]/[class:com.stackroute.collections.PlayerTests]/[method:givenValidPlayerValuesWhenCreatedThenSetProperties()]"/>
  </testsuite>
  <testsuite name="com.stackroute.collections.PlayerNameComparatorTests" time="0.0" displayname="PlayerNameComparatorTests" uniqueid="[engine:junit-jupiter]/[class:com.stackroute.collections.PlayerNameComparatorTests]">
    <testcase name="givenPlayerListWhenComparedReturnPlayerListSortedByNameInAscendingOrder" classname="com.stackroute.collections.PlayerNameComparatorTests" time="0.0" displayname="givenPlayerListWhenComparedReturnPlayerListSortedByNameInAscendingOrder()" uniqueid="[engine:junit-jupiter]/[class:com.stackroute.collections.PlayerNameComparatorTests]/[method:givenPlayerListWhenComparedReturnPlayerListSortedByNameInAscendingOrder()]"/>
    <testcase name="givenPlayerNameComparatorClassThenShouldBeOfComparatorType" classname="com.stackroute.collections.PlayerNameComparatorTests" time="0.0" displayname="givenPlayerNameComparatorClassThenShouldBeOfComparatorType()" uniqueid="[engine:junit-jupiter]/[class:com.stackroute.collections.PlayerNameComparatorTests]/[method:givenPlayerNameComparatorClassThenShouldBeOfComparatorType()]"/>
  </testsuite>
</testrun>
